<?xml version="1.0" encoding="UTF-8"?>
<testng-results skipped="0" failed="0" ignored="0" total="2" passed="2">
  <reporter-output>
  </reporter-output>
  <suite name="Suite" duration-ms="77497" started-at="2023-05-31T01:09:59Z" finished-at="2023-05-31T01:11:16Z">
    <groups>
    </groups>
    <test name="On Chrome" duration-ms="76167" started-at="2023-05-31T01:09:59Z" finished-at="2023-05-31T01:11:15Z">
      <class name="grid.GridEg1">
        <test-method status="PASS" signature="grid(java.lang.String, java.lang.String)[pri:0, instance:grid.GridEg1@2f686d1f]" name="grid" duration-ms="75983" started-at="2023-05-31T01:09:59Z" finished-at="2023-05-31T01:11:15Z">
          <params>
            <param index="0">
              <value>
                <![CDATA[chrome]]>
              </value>
            </param>
            <param index="1">
              <value>
                <![CDATA[Windows]]>
              </value>
            </param>
          </params>
          <reporter-output>
          </reporter-output>
        </test-method> <!-- grid -->
      </class> <!-- grid.GridEg1 -->
    </test> <!-- On Chrome -->
    <test name="On Firefox" duration-ms="77497" started-at="2023-05-31T01:09:59Z" finished-at="2023-05-31T01:11:16Z">
      <class name="grid.GridEg1">
        <test-method status="PASS" signature="grid(java.lang.String, java.lang.String)[pri:0, instance:grid.GridEg1@6a41eaa2]" name="grid" duration-ms="77331" started-at="2023-05-31T01:09:59Z" finished-at="2023-05-31T01:11:16Z">
          <params>
            <param index="0">
              <value>
                <![CDATA[firefox]]>
              </value>
            </param>
            <param index="1">
              <value>
                <![CDATA[Windows]]>
              </value>
            </param>
          </params>
          <reporter-output>
          </reporter-output>
        </test-method> <!-- grid -->
      </class> <!-- grid.GridEg1 -->
    </test> <!-- On Firefox -->
  </suite> <!-- Suite -->
</testng-results>
