<?xml version="1.0" encoding="UTF-8"?>
<!-- Generated by org.testng.reporters.JUnitXMLReporter -->
<testsuite hostname="DESKTOP-ASB5QBL" ignored="4" name="Test" tests="2" failures="0" timestamp="24 May 2023 01:14:29 GMT" time="33.427" errors="0">
  <testcase name="orgEmpreg" time="6.64" classname="testNG.EmpRegTestNG_TC"/>
  <testcase name="orgUserReg" time="16.684" classname="testNG.UserRegTestNG_TC"/>
  <testcase name="@AfterTest orgLogout" time="0.0" classname="testNG.TestNGMaster">
    <ignored/>
  </testcase> <!-- @AfterTest orgLogout -->
  <testcase name="@AfterSuite orgClose" time="0.0" classname="testNG.TestNGMaster">
    <ignored/>
  </testcase> <!-- @AfterSuite orgClose -->
  <testcase name="@BeforeSuite orgLaunch" time="0.0" classname="testNG.TestNGMaster">
    <ignored/>
  </testcase> <!-- @BeforeSuite orgLaunch -->
  <testcase name="@BeforeTest orgLogin" time="0.0" classname="testNG.TestNGMaster">
    <ignored/>
  </testcase> <!-- @BeforeTest orgLogin -->
</testsuite> <!-- Test -->
